2017-03-06 12:00:05,617 [Worker-3] INFO  o.e.m.c.i.l.LifecycleMappingFactory - Using org.eclipse.m2e.jdt.JarLifecycleMapping lifecycle mapping for MavenProject: org.egov:egov-asset:0.0.1-SNAPSHOT @ /home/egov-test/Desktop/lams-workspace/egov-asset/pom.xml.
2017-03-06 12:00:11,138 [Worker-3] INFO  o.e.m.c.i.e.AbstractTransferListenerAdapter - Downloading https://repo.maven.apache.org/maven2/org/springframework/boot/spring-boot-devtools/1.5.1.RELEASE/spring-boot-devtools-1.5.1.RELEASE.pom
2017-03-06 12:00:11,457 [Worker-3] INFO  o.e.m.c.i.e.AbstractTransferListenerAdapter - Downloaded https://repo.maven.apache.org/maven2/org/springframework/boot/spring-boot-devtools/1.5.1.RELEASE/spring-boot-devtools-1.5.1.RELEASE.pom
2017-03-06 12:00:13,065 [Worker-3] INFO  o.e.m.c.i.e.AbstractTransferListenerAdapter - Downloading https://repo.maven.apache.org/maven2/org/springframework/boot/spring-boot-devtools/1.5.1.RELEASE/spring-boot-devtools-1.5.1.RELEASE.jar
2017-03-06 12:00:14,983 [Worker-3] INFO  o.e.m.c.i.e.AbstractTransferListenerAdapter - Downloaded https://repo.maven.apache.org/maven2/org/springframework/boot/spring-boot-devtools/1.5.1.RELEASE/spring-boot-devtools-1.5.1.RELEASE.jar
2017-03-06 12:00:20,746 [Worker-3] INFO  o.e.m.j.i.AbstractJavaProjectConfigurator - Adding source folder /egov-asset/src/main/java
2017-03-06 12:00:20,748 [Worker-3] INFO  o.e.m.j.i.AbstractJavaProjectConfigurator - Adding resource folder /egov-asset/src/main/resources
2017-03-06 12:00:20,749 [Worker-3] INFO  o.e.m.j.i.AbstractJavaProjectConfigurator - Adding resource folder /egov-asset/src/main/resources
2017-03-06 12:00:20,750 [Worker-3] INFO  o.e.m.j.i.AbstractJavaProjectConfigurator - Adding source folder /egov-asset/src/test/java
2017-03-06 12:00:21,314 [Worker-3] INFO  o.e.m.c.i.p.ProjectConfigurationManager - Imported and configured 1 project(s) in 26 sec
2017-03-06 12:00:30,226 [Worker-0] INFO  o.e.m.c.i.embedder.EclipseLogger - Using 'UTF-8' encoding to copy filtered resources.
2017-03-06 12:00:30,242 [Worker-0] INFO  o.e.m.c.i.embedder.EclipseLogger - Copying 2 resources
2017-03-06 12:00:30,301 [Worker-0] INFO  o.e.m.c.i.embedder.EclipseLogger - Copying 4 resources
2017-03-06 12:00:30,322 [Worker-0] INFO  o.e.m.c.i.embedder.EclipseLogger - Using 'UTF-8' encoding to copy filtered resources.
2017-03-06 12:00:30,322 [Worker-0] INFO  o.e.m.c.i.embedder.EclipseLogger - skip non existing resourceDirectory /home/egov-test/Desktop/lams-workspace/egov-asset/src/test/resources
2017-03-06 12:06:40,280 [Worker-10] INFO  o.e.m.c.i.p.ProjectConfigurationManager - Update started
2017-03-06 12:06:41,575 [Worker-10] INFO  o.e.m.c.i.l.LifecycleMappingFactory - Using org.eclipse.m2e.jdt.JarLifecycleMapping lifecycle mapping for MavenProject: org.egov:egov-asset:0.0.1-SNAPSHOT @ /home/egov-test/Desktop/lams-workspace/egov-asset/pom.xml.
2017-03-06 12:06:42,451 [Worker-10] INFO  o.e.m.j.i.AbstractJavaProjectConfigurator - Adding source folder /egov-asset/src/main/java
2017-03-06 12:06:42,451 [Worker-10] INFO  o.e.m.j.i.AbstractJavaProjectConfigurator - Adding resource folder /egov-asset/src/main/resources
2017-03-06 12:06:42,452 [Worker-10] INFO  o.e.m.j.i.AbstractJavaProjectConfigurator - Adding resource folder /egov-asset/src/main/resources
2017-03-06 12:06:42,453 [Worker-10] INFO  o.e.m.j.i.AbstractJavaProjectConfigurator - Adding source folder /egov-asset/src/test/java
2017-03-06 12:06:42,826 [Worker-10] INFO  o.e.m.c.i.p.ProjectConfigurationManager - Update completed: 2 sec
2017-03-06 12:06:44,733 [Worker-12] INFO  o.e.m.c.i.embedder.EclipseLogger - Using 'UTF-8' encoding to copy filtered resources.
2017-03-06 12:06:44,747 [Worker-12] INFO  o.e.m.c.i.embedder.EclipseLogger - Copying 2 resources
2017-03-06 12:06:44,779 [Worker-12] INFO  o.e.m.c.i.embedder.EclipseLogger - Copying 4 resources
2017-03-06 12:06:44,794 [Worker-12] INFO  o.e.m.c.i.embedder.EclipseLogger - Using 'UTF-8' encoding to copy filtered resources.
2017-03-06 12:06:44,794 [Worker-12] INFO  o.e.m.c.i.embedder.EclipseLogger - skip non existing resourceDirectory /home/egov-test/Desktop/lams-workspace/egov-asset/src/test/resources
2017-03-06 12:12:20,700 [Worker-7] INFO  o.e.m.c.i.p.ProjectConfigurationManager - Update started
2017-03-06 12:12:23,937 [Worker-7] INFO  o.e.m.c.i.l.LifecycleMappingFactory - Using org.eclipse.m2e.jdt.JarLifecycleMapping lifecycle mapping for MavenProject: org.egov:egov-asset:0.0.1-SNAPSHOT @ /home/egov-test/Desktop/lams-workspace/egov-asset/pom.xml.
2017-03-06 12:12:25,193 [Worker-7] INFO  o.e.m.j.i.AbstractJavaProjectConfigurator - Adding source folder /egov-asset/src/main/java
2017-03-06 12:12:25,195 [Worker-7] INFO  o.e.m.j.i.AbstractJavaProjectConfigurator - Adding resource folder /egov-asset/src/main/resources
2017-03-06 12:12:25,197 [Worker-7] INFO  o.e.m.j.i.AbstractJavaProjectConfigurator - Adding resource folder /egov-asset/src/main/resources
2017-03-06 12:12:25,198 [Worker-7] INFO  o.e.m.j.i.AbstractJavaProjectConfigurator - Adding source folder /egov-asset/src/test/java
2017-03-06 12:12:26,001 [Worker-7] INFO  o.e.m.c.i.p.ProjectConfigurationManager - Update completed: 5 sec
2017-03-06 12:12:29,567 [Worker-3] INFO  o.e.m.c.i.embedder.EclipseLogger - Using 'UTF-8' encoding to copy filtered resources.
2017-03-06 12:12:29,583 [Worker-3] INFO  o.e.m.c.i.embedder.EclipseLogger - Copying 2 resources
2017-03-06 12:12:29,622 [Worker-3] INFO  o.e.m.c.i.embedder.EclipseLogger - Copying 4 resources
2017-03-06 12:12:29,634 [Worker-3] INFO  o.e.m.c.i.embedder.EclipseLogger - Using 'UTF-8' encoding to copy filtered resources.
2017-03-06 12:12:29,634 [Worker-3] INFO  o.e.m.c.i.embedder.EclipseLogger - skip non existing resourceDirectory /home/egov-test/Desktop/lams-workspace/egov-asset/src/test/resources
2017-03-06 12:12:49,738 [Worker-1] INFO  o.e.m.c.i.l.LifecycleMappingFactory - Using org.eclipse.m2e.jdt.JarLifecycleMapping lifecycle mapping for MavenProject: egov.lams:egov-lams:0.0.1-SNAPSHOT @ /home/egov-test/Desktop/lams-workspace/egov-lams/pom.xml.
2017-03-06 12:12:52,861 [Worker-1] INFO  o.e.m.c.i.e.AbstractTransferListenerAdapter - Downloading https://repo.maven.apache.org/maven2/postgresql/postgresql/9.1-901-1.jdbc4/postgresql-9.1-901-1.jdbc4.pom
2017-03-06 12:12:53,177 [Worker-1] INFO  o.e.m.c.i.e.AbstractTransferListenerAdapter - Downloaded https://repo.maven.apache.org/maven2/postgresql/postgresql/9.1-901-1.jdbc4/postgresql-9.1-901-1.jdbc4.pom
2017-03-06 12:12:53,752 [Worker-1] INFO  o.e.m.c.i.e.AbstractTransferListenerAdapter - Downloading https://repo.maven.apache.org/maven2/postgresql/pljava-public/1.0.0b4/pljava-public-1.0.0b4.pom
2017-03-06 12:12:54,747 [Worker-1] INFO  o.e.m.c.i.e.AbstractTransferListenerAdapter - Downloaded https://repo.maven.apache.org/maven2/postgresql/pljava-public/1.0.0b4/pljava-public-1.0.0b4.pom
2017-03-06 12:12:55,233 [Worker-1] INFO  o.e.m.c.i.e.AbstractTransferListenerAdapter - Downloading https://repo.maven.apache.org/maven2/postgresql/postgresql/9.1-901-1.jdbc4/postgresql-9.1-901-1.jdbc4.jar
2017-03-06 12:12:57,015 [Worker-1] INFO  o.e.m.c.i.e.AbstractTransferListenerAdapter - Downloaded https://repo.maven.apache.org/maven2/postgresql/postgresql/9.1-901-1.jdbc4/postgresql-9.1-901-1.jdbc4.jar
2017-03-06 12:12:57,359 [Worker-1] INFO  o.e.m.c.i.e.AbstractTransferListenerAdapter - Downloading https://repo.maven.apache.org/maven2/postgresql/pljava-public/1.0.0b4/pljava-public-1.0.0b4.jar
2017-03-06 12:12:57,745 [Worker-1] INFO  o.e.m.c.i.e.AbstractTransferListenerAdapter - Downloaded https://repo.maven.apache.org/maven2/postgresql/pljava-public/1.0.0b4/pljava-public-1.0.0b4.jar
2017-03-06 12:12:58,885 [Worker-1] INFO  o.e.m.j.i.AbstractJavaProjectConfigurator - Adding source folder /egov-lams/src/main/java
2017-03-06 12:12:58,887 [Worker-1] INFO  o.e.m.j.i.AbstractJavaProjectConfigurator - Adding resource folder /egov-lams/src/main/resources
2017-03-06 12:12:58,887 [Worker-1] INFO  o.e.m.j.i.AbstractJavaProjectConfigurator - Adding resource folder /egov-lams/src/main/resources
2017-03-06 12:12:58,888 [Worker-1] INFO  o.e.m.j.i.AbstractJavaProjectConfigurator - Adding source folder /egov-lams/src/test/java
2017-03-06 12:12:59,049 [Worker-1] INFO  o.e.m.c.i.p.ProjectConfigurationManager - Imported and configured 1 project(s) in 10 sec
2017-03-06 12:13:02,120 [Worker-8] INFO  o.e.m.c.i.embedder.EclipseLogger - Using 'UTF-8' encoding to copy filtered resources.
2017-03-06 12:13:02,124 [Worker-8] INFO  o.e.m.c.i.embedder.EclipseLogger - Copying 1 resource
2017-03-06 12:13:02,130 [Worker-8] INFO  o.e.m.c.i.embedder.EclipseLogger - Copying 1 resource
2017-03-06 12:13:02,138 [Worker-8] INFO  o.e.m.c.i.embedder.EclipseLogger - Using 'UTF-8' encoding to copy filtered resources.
2017-03-06 12:13:02,139 [Worker-8] INFO  o.e.m.c.i.embedder.EclipseLogger - skip non existing resourceDirectory /home/egov-test/Desktop/lams-workspace/egov-lams/src/test/resources
2017-03-06 12:13:59,795 [Worker-8] INFO  o.e.m.c.i.l.LifecycleMappingFactory - Using org.eclipse.m2e.jdt.JarLifecycleMapping lifecycle mapping for MavenProject: org.egov:egov-lams-persist:0.0.1-SNAPSHOT @ /home/egov-test/Desktop/lams-workspace/egov-lams-persist/pom.xml.
2017-03-06 12:14:00,650 [Worker-8] INFO  o.e.m.j.i.AbstractJavaProjectConfigurator - Adding source folder /egov-lams-persist/src/main/java
2017-03-06 12:14:00,654 [Worker-8] INFO  o.e.m.j.i.AbstractJavaProjectConfigurator - Adding resource folder /egov-lams-persist/src/main/resources
2017-03-06 12:14:00,655 [Worker-8] INFO  o.e.m.j.i.AbstractJavaProjectConfigurator - Adding resource folder /egov-lams-persist/src/main/resources
2017-03-06 12:14:00,656 [Worker-8] INFO  o.e.m.j.i.AbstractJavaProjectConfigurator - Adding source folder /egov-lams-persist/src/test/java
2017-03-06 12:14:00,792 [Worker-8] INFO  o.e.m.c.i.p.ProjectConfigurationManager - Imported and configured 1 project(s) in 1 sec
2017-03-06 12:14:02,812 [Worker-12] INFO  o.e.m.c.i.embedder.EclipseLogger - Using 'UTF-8' encoding to copy filtered resources.
2017-03-06 12:14:02,820 [Worker-12] INFO  o.e.m.c.i.embedder.EclipseLogger - Copying 1 resource
2017-03-06 12:14:02,821 [Worker-12] INFO  o.e.m.c.i.embedder.EclipseLogger - Copying 0 resource
2017-03-06 12:14:02,832 [Worker-12] INFO  o.e.m.c.i.embedder.EclipseLogger - Using 'UTF-8' encoding to copy filtered resources.
2017-03-06 12:14:02,832 [Worker-12] INFO  o.e.m.c.i.embedder.EclipseLogger - skip non existing resourceDirectory /home/egov-test/Desktop/lams-workspace/egov-lams-persist/src/test/resources
2017-03-06 12:16:07,002 [Worker-4] INFO  o.e.m.c.i.p.ProjectConfigurationManager - Update started
2017-03-06 12:16:07,970 [Worker-4] INFO  o.e.m.c.i.l.LifecycleMappingFactory - Using org.eclipse.m2e.jdt.JarLifecycleMapping lifecycle mapping for MavenProject: egov.lams:egov-lams:0.0.1-SNAPSHOT @ /home/egov-test/Desktop/lams-workspace/egov-lams/pom.xml.
2017-03-06 12:16:08,661 [Worker-4] INFO  o.e.m.j.i.AbstractJavaProjectConfigurator - Adding source folder /egov-lams/src/main/java
2017-03-06 12:16:08,661 [Worker-4] INFO  o.e.m.j.i.AbstractJavaProjectConfigurator - Adding resource folder /egov-lams/src/main/resources
2017-03-06 12:16:08,662 [Worker-4] INFO  o.e.m.j.i.AbstractJavaProjectConfigurator - Adding resource folder /egov-lams/src/main/resources
2017-03-06 12:16:08,662 [Worker-4] INFO  o.e.m.j.i.AbstractJavaProjectConfigurator - Adding source folder /egov-lams/src/test/java
2017-03-06 12:16:08,867 [Worker-4] INFO  o.e.m.c.i.p.ProjectConfigurationManager - Update completed: 1 sec
2017-03-06 12:16:11,327 [Worker-14] INFO  o.e.m.c.i.embedder.EclipseLogger - Using 'UTF-8' encoding to copy filtered resources.
2017-03-06 12:16:11,330 [Worker-14] INFO  o.e.m.c.i.embedder.EclipseLogger - Copying 1 resource
2017-03-06 12:16:11,333 [Worker-14] INFO  o.e.m.c.i.embedder.EclipseLogger - Copying 1 resource
2017-03-06 12:16:11,344 [Worker-14] INFO  o.e.m.c.i.embedder.EclipseLogger - Using 'UTF-8' encoding to copy filtered resources.
2017-03-06 12:16:11,345 [Worker-14] INFO  o.e.m.c.i.embedder.EclipseLogger - skip non existing resourceDirectory /home/egov-test/Desktop/lams-workspace/egov-lams/src/test/resources
2017-03-06 12:34:17,522 [Worker-27] INFO  o.e.m.c.i.embedder.EclipseLogger - Using 'UTF-8' encoding to copy filtered resources.
2017-03-06 12:34:17,564 [Worker-27] INFO  o.e.m.c.i.embedder.EclipseLogger - Copying 1 resource
2017-03-06 12:34:17,567 [Worker-27] INFO  o.e.m.c.i.embedder.EclipseLogger - Copying 1 resource
2017-03-06 12:34:17,571 [Worker-27] INFO  o.e.m.c.i.embedder.EclipseLogger - Using 'UTF-8' encoding to copy filtered resources.
2017-03-06 12:34:17,572 [Worker-27] INFO  o.e.m.c.i.embedder.EclipseLogger - skip non existing resourceDirectory /home/egov-test/Desktop/lams-workspace/egov-lams/src/test/resources
2017-03-06 12:34:24,348 [Worker-24] INFO  o.e.m.c.i.embedder.EclipseLogger - Using 'UTF-8' encoding to copy filtered resources.
2017-03-06 12:34:24,356 [Worker-24] INFO  o.e.m.c.i.embedder.EclipseLogger - Copying 1 resource
2017-03-06 12:34:24,357 [Worker-24] INFO  o.e.m.c.i.embedder.EclipseLogger - Copying 1 resource
2017-03-06 12:34:24,360 [Worker-24] INFO  o.e.m.c.i.embedder.EclipseLogger - Using 'UTF-8' encoding to copy filtered resources.
2017-03-06 12:34:24,360 [Worker-24] INFO  o.e.m.c.i.embedder.EclipseLogger - skip non existing resourceDirectory /home/egov-test/Desktop/lams-workspace/egov-lams/src/test/resources
2017-03-06 12:42:52,070 [Worker-31] INFO  o.e.m.c.i.embedder.EclipseLogger - Using 'UTF-8' encoding to copy filtered resources.
2017-03-06 12:42:52,075 [Worker-31] INFO  o.e.m.c.i.embedder.EclipseLogger - Copying 1 resource
2017-03-06 12:42:52,078 [Worker-31] INFO  o.e.m.c.i.embedder.EclipseLogger - Copying 1 resource
2017-03-06 12:42:52,090 [Worker-31] INFO  o.e.m.c.i.embedder.EclipseLogger - Using 'UTF-8' encoding to copy filtered resources.
2017-03-06 12:42:52,090 [Worker-31] INFO  o.e.m.c.i.embedder.EclipseLogger - skip non existing resourceDirectory /home/egov-test/Desktop/lams-workspace/egov-lams/src/test/resources
2017-03-06 12:43:52,099 [Worker-30] INFO  o.e.m.c.i.embedder.EclipseLogger - Using 'UTF-8' encoding to copy filtered resources.
2017-03-06 12:43:52,100 [Worker-30] INFO  o.e.m.c.i.embedder.EclipseLogger - Copying 1 resource
2017-03-06 12:43:52,108 [Worker-30] INFO  o.e.m.c.i.embedder.EclipseLogger - Copying 1 resource
2017-03-06 12:43:52,115 [Worker-30] INFO  o.e.m.c.i.embedder.EclipseLogger - Using 'UTF-8' encoding to copy filtered resources.
2017-03-06 12:43:52,115 [Worker-30] INFO  o.e.m.c.i.embedder.EclipseLogger - skip non existing resourceDirectory /home/egov-test/Desktop/lams-workspace/egov-lams/src/test/resources
2017-03-06 12:47:12,201 [Worker-30] INFO  o.e.m.c.i.embedder.EclipseLogger - Using 'UTF-8' encoding to copy filtered resources.
2017-03-06 12:47:12,202 [Worker-30] INFO  o.e.m.c.i.embedder.EclipseLogger - Copying 1 resource
2017-03-06 12:47:12,209 [Worker-30] INFO  o.e.m.c.i.embedder.EclipseLogger - Copying 1 resource
2017-03-06 12:47:12,217 [Worker-30] INFO  o.e.m.c.i.embedder.EclipseLogger - Using 'UTF-8' encoding to copy filtered resources.
2017-03-06 12:47:12,217 [Worker-30] INFO  o.e.m.c.i.embedder.EclipseLogger - skip non existing resourceDirectory /home/egov-test/Desktop/lams-workspace/egov-lams/src/test/resources
2017-03-06 12:50:29,989 [Worker-31] INFO  o.e.m.c.i.embedder.EclipseLogger - Using 'UTF-8' encoding to copy filtered resources.
2017-03-06 12:50:29,990 [Worker-31] INFO  o.e.m.c.i.embedder.EclipseLogger - Copying 1 resource
2017-03-06 12:50:29,996 [Worker-31] INFO  o.e.m.c.i.embedder.EclipseLogger - Copying 1 resource
2017-03-06 12:50:29,999 [Worker-31] INFO  o.e.m.c.i.embedder.EclipseLogger - Using 'UTF-8' encoding to copy filtered resources.
2017-03-06 12:50:30,004 [Worker-31] INFO  o.e.m.c.i.embedder.EclipseLogger - skip non existing resourceDirectory /home/egov-test/Desktop/lams-workspace/egov-lams/src/test/resources
2017-03-06 12:57:03,468 [Worker-31] INFO  o.e.m.c.i.embedder.EclipseLogger - Using 'UTF-8' encoding to copy filtered resources.
2017-03-06 12:57:03,469 [Worker-31] INFO  o.e.m.c.i.embedder.EclipseLogger - Copying 1 resource
2017-03-06 12:57:03,471 [Worker-31] INFO  o.e.m.c.i.embedder.EclipseLogger - Copying 1 resource
2017-03-06 12:57:03,474 [Worker-31] INFO  o.e.m.c.i.embedder.EclipseLogger - Using 'UTF-8' encoding to copy filtered resources.
2017-03-06 12:57:03,474 [Worker-31] INFO  o.e.m.c.i.embedder.EclipseLogger - skip non existing resourceDirectory /home/egov-test/Desktop/lams-workspace/egov-lams/src/test/resources
2017-03-06 14:07:56,947 [Worker-46] INFO  o.e.m.c.i.embedder.EclipseLogger - Using 'UTF-8' encoding to copy filtered resources.
2017-03-06 14:07:56,958 [Worker-46] INFO  o.e.m.c.i.embedder.EclipseLogger - Copying 1 resource
2017-03-06 14:07:56,968 [Worker-46] INFO  o.e.m.c.i.embedder.EclipseLogger - Copying 1 resource
2017-03-06 14:07:56,977 [Worker-46] INFO  o.e.m.c.i.embedder.EclipseLogger - Using 'UTF-8' encoding to copy filtered resources.
2017-03-06 14:07:56,977 [Worker-46] INFO  o.e.m.c.i.embedder.EclipseLogger - skip non existing resourceDirectory /home/egov-test/Desktop/lams-workspace/egov-lams/src/test/resources
2017-03-06 15:22:34,845 [Worker-58] INFO  o.e.m.c.i.embedder.EclipseLogger - Using 'UTF-8' encoding to copy filtered resources.
2017-03-06 15:22:34,846 [Worker-58] INFO  o.e.m.c.i.embedder.EclipseLogger - Copying 1 resource
2017-03-06 15:22:34,853 [Worker-58] INFO  o.e.m.c.i.embedder.EclipseLogger - Copying 1 resource
2017-03-06 15:22:34,862 [Worker-58] INFO  o.e.m.c.i.embedder.EclipseLogger - Using 'UTF-8' encoding to copy filtered resources.
2017-03-06 15:22:34,862 [Worker-58] INFO  o.e.m.c.i.embedder.EclipseLogger - skip non existing resourceDirectory /home/egov-test/Desktop/lams-workspace/egov-lams/src/test/resources
2017-03-06 15:37:05,253 [Worker-64] INFO  o.e.m.c.i.embedder.EclipseLogger - Using 'UTF-8' encoding to copy filtered resources.
2017-03-06 15:37:05,254 [Worker-64] INFO  o.e.m.c.i.embedder.EclipseLogger - Copying 1 resource
2017-03-06 15:37:05,259 [Worker-64] INFO  o.e.m.c.i.embedder.EclipseLogger - Copying 1 resource
2017-03-06 15:37:05,262 [Worker-64] INFO  o.e.m.c.i.embedder.EclipseLogger - Using 'UTF-8' encoding to copy filtered resources.
2017-03-06 15:37:05,262 [Worker-64] INFO  o.e.m.c.i.embedder.EclipseLogger - skip non existing resourceDirectory /home/egov-test/Desktop/lams-workspace/egov-lams/src/test/resources
2017-03-06 15:44:27,989 [Worker-67] INFO  o.e.m.c.i.embedder.EclipseLogger - Using 'UTF-8' encoding to copy filtered resources.
2017-03-06 15:44:27,990 [Worker-67] INFO  o.e.m.c.i.embedder.EclipseLogger - Copying 1 resource
2017-03-06 15:44:27,993 [Worker-67] INFO  o.e.m.c.i.embedder.EclipseLogger - Copying 1 resource
2017-03-06 15:44:28,000 [Worker-67] INFO  o.e.m.c.i.embedder.EclipseLogger - Using 'UTF-8' encoding to copy filtered resources.
2017-03-06 15:44:28,002 [Worker-67] INFO  o.e.m.c.i.embedder.EclipseLogger - skip non existing resourceDirectory /home/egov-test/Desktop/lams-workspace/egov-lams/src/test/resources
2017-03-06 15:45:24,202 [Worker-67] INFO  o.e.m.c.i.embedder.EclipseLogger - Using 'UTF-8' encoding to copy filtered resources.
2017-03-06 15:45:24,219 [Worker-67] INFO  o.e.m.c.i.embedder.EclipseLogger - Copying 1 resource
2017-03-06 15:45:24,223 [Worker-67] INFO  o.e.m.c.i.embedder.EclipseLogger - Copying 1 resource
2017-03-06 15:45:24,227 [Worker-67] INFO  o.e.m.c.i.embedder.EclipseLogger - Using 'UTF-8' encoding to copy filtered resources.
2017-03-06 15:45:24,227 [Worker-67] INFO  o.e.m.c.i.embedder.EclipseLogger - skip non existing resourceDirectory /home/egov-test/Desktop/lams-workspace/egov-lams/src/test/resources
2017-03-06 15:46:11,520 [Worker-69] INFO  o.e.m.c.i.embedder.EclipseLogger - Using 'UTF-8' encoding to copy filtered resources.
2017-03-06 15:46:11,522 [Worker-69] INFO  o.e.m.c.i.embedder.EclipseLogger - Copying 1 resource
2017-03-06 15:46:11,530 [Worker-69] INFO  o.e.m.c.i.embedder.EclipseLogger - Copying 1 resource
2017-03-06 15:46:11,534 [Worker-69] INFO  o.e.m.c.i.embedder.EclipseLogger - Using 'UTF-8' encoding to copy filtered resources.
2017-03-06 15:46:11,534 [Worker-69] INFO  o.e.m.c.i.embedder.EclipseLogger - skip non existing resourceDirectory /home/egov-test/Desktop/lams-workspace/egov-lams/src/test/resources
2017-03-06 15:46:25,387 [Worker-70] INFO  o.e.m.c.i.embedder.EclipseLogger - Using 'UTF-8' encoding to copy filtered resources.
2017-03-06 15:46:25,395 [Worker-70] INFO  o.e.m.c.i.embedder.EclipseLogger - Copying 1 resource
2017-03-06 15:46:25,397 [Worker-70] INFO  o.e.m.c.i.embedder.EclipseLogger - Copying 1 resource
2017-03-06 15:46:25,408 [Worker-70] INFO  o.e.m.c.i.embedder.EclipseLogger - Using 'UTF-8' encoding to copy filtered resources.
2017-03-06 15:46:25,413 [Worker-70] INFO  o.e.m.c.i.embedder.EclipseLogger - skip non existing resourceDirectory /home/egov-test/Desktop/lams-workspace/egov-lams/src/test/resources
2017-03-06 15:50:03,979 [Worker-68] INFO  o.e.m.c.i.embedder.EclipseLogger - Using 'UTF-8' encoding to copy filtered resources.
2017-03-06 15:50:03,979 [Worker-68] INFO  o.e.m.c.i.embedder.EclipseLogger - Copying 1 resource
2017-03-06 15:50:03,981 [Worker-68] INFO  o.e.m.c.i.embedder.EclipseLogger - Copying 1 resource
2017-03-06 15:50:03,986 [Worker-68] INFO  o.e.m.c.i.embedder.EclipseLogger - Using 'UTF-8' encoding to copy filtered resources.
2017-03-06 15:50:03,993 [Worker-68] INFO  o.e.m.c.i.embedder.EclipseLogger - skip non existing resourceDirectory /home/egov-test/Desktop/lams-workspace/egov-lams/src/test/resources
2017-03-06 15:50:22,442 [Worker-68] INFO  o.e.m.c.i.embedder.EclipseLogger - Using 'UTF-8' encoding to copy filtered resources.
2017-03-06 15:50:22,443 [Worker-68] INFO  o.e.m.c.i.embedder.EclipseLogger - Copying 1 resource
2017-03-06 15:50:22,445 [Worker-68] INFO  o.e.m.c.i.embedder.EclipseLogger - Copying 1 resource
2017-03-06 15:50:22,455 [Worker-68] INFO  o.e.m.c.i.embedder.EclipseLogger - Using 'UTF-8' encoding to copy filtered resources.
2017-03-06 15:50:22,456 [Worker-68] INFO  o.e.m.c.i.embedder.EclipseLogger - skip non existing resourceDirectory /home/egov-test/Desktop/lams-workspace/egov-lams/src/test/resources
2017-03-06 15:54:33,591 [Worker-61] INFO  o.e.m.c.i.embedder.EclipseLogger - Using 'UTF-8' encoding to copy filtered resources.
2017-03-06 15:54:33,591 [Worker-61] INFO  o.e.m.c.i.embedder.EclipseLogger - Copying 1 resource
2017-03-06 15:54:33,595 [Worker-61] INFO  o.e.m.c.i.embedder.EclipseLogger - Copying 1 resource
2017-03-06 15:54:33,598 [Worker-61] INFO  o.e.m.c.i.embedder.EclipseLogger - Using 'UTF-8' encoding to copy filtered resources.
2017-03-06 15:54:33,598 [Worker-61] INFO  o.e.m.c.i.embedder.EclipseLogger - skip non existing resourceDirectory /home/egov-test/Desktop/lams-workspace/egov-lams/src/test/resources
2017-03-06 15:55:39,482 [Worker-69] INFO  o.e.m.c.i.embedder.EclipseLogger - Using 'UTF-8' encoding to copy filtered resources.
2017-03-06 15:55:39,483 [Worker-69] INFO  o.e.m.c.i.embedder.EclipseLogger - Copying 1 resource
2017-03-06 15:55:39,491 [Worker-69] INFO  o.e.m.c.i.embedder.EclipseLogger - Copying 1 resource
2017-03-06 15:55:39,494 [Worker-69] INFO  o.e.m.c.i.embedder.EclipseLogger - Using 'UTF-8' encoding to copy filtered resources.
2017-03-06 15:55:39,494 [Worker-69] INFO  o.e.m.c.i.embedder.EclipseLogger - skip non existing resourceDirectory /home/egov-test/Desktop/lams-workspace/egov-lams/src/test/resources
2017-03-06 15:56:36,410 [Worker-70] INFO  o.e.m.c.i.embedder.EclipseLogger - Using 'UTF-8' encoding to copy filtered resources.
2017-03-06 15:56:36,413 [Worker-70] INFO  o.e.m.c.i.embedder.EclipseLogger - Copying 1 resource
2017-03-06 15:56:36,418 [Worker-70] INFO  o.e.m.c.i.embedder.EclipseLogger - Copying 1 resource
2017-03-06 15:56:36,422 [Worker-70] INFO  o.e.m.c.i.embedder.EclipseLogger - Using 'UTF-8' encoding to copy filtered resources.
2017-03-06 15:56:36,422 [Worker-70] INFO  o.e.m.c.i.embedder.EclipseLogger - skip non existing resourceDirectory /home/egov-test/Desktop/lams-workspace/egov-lams/src/test/resources
2017-03-06 15:56:50,723 [Worker-70] INFO  o.e.m.c.i.embedder.EclipseLogger - Using 'UTF-8' encoding to copy filtered resources.
2017-03-06 15:56:50,723 [Worker-70] INFO  o.e.m.c.i.embedder.EclipseLogger - Copying 1 resource
2017-03-06 15:56:50,724 [Worker-70] INFO  o.e.m.c.i.embedder.EclipseLogger - Copying 1 resource
2017-03-06 15:56:50,727 [Worker-70] INFO  o.e.m.c.i.embedder.EclipseLogger - Using 'UTF-8' encoding to copy filtered resources.
2017-03-06 15:56:50,728 [Worker-70] INFO  o.e.m.c.i.embedder.EclipseLogger - skip non existing resourceDirectory /home/egov-test/Desktop/lams-workspace/egov-lams/src/test/resources
